<?xml version="1.0" encoding="UTF-8"?>
<testsuite xmlns:xsi="http://www.w3.org/2001/XMLSchema-instance" xsi:noNamespaceSchemaLocation="https://maven.apache.org/surefire/maven-surefire-plugin/xsd/surefire-test-report.xsd" name="com.numbers.AppTest" time="0.036" tests="1" errors="0" skipped="0" failures="0">
  <properties>
    <property name="java.specification.version" value="15"/>
    <property name="sun.cpu.isalist" value="amd64"/>
    <property name="sun.jnu.encoding" value="Cp1252"/>
    <property name="java.class.path" value="c:\Users\marlo\Documents\Coding Projects\Java\bigger-numbers\target\test-classes;c:\Users\marlo\Documents\Coding Projects\Java\bigger-numbers\target\classes;C:\Users\marlo\.m2\repository\junit\junit\4.11\junit-4.11.jar;C:\Users\marlo\.m2\repository\org\hamcrest\hamcrest-core\1.3\hamcrest-core-1.3.jar;"/>
    <property name="java.vm.vendor" value="Oracle Corporation"/>
    <property name="sun.arch.data.model" value="64"/>
    <property name="user.variant" value=""/>
    <property name="java.vendor.url" value="https://java.oracle.com/"/>
    <property name="user.timezone" value="America/New_York"/>
    <property name="os.name" value="Windows 10"/>
    <property name="java.vm.specification.version" value="15"/>
    <property name="sun.java.launcher" value="SUN_STANDARD"/>
    <property name="user.country" value="US"/>
    <property name="sun.boot.library.path" value="C:\Program Files\Java\jdk-15\bin"/>
    <property name="sun.java.command" value="C:\Users\marlo\AppData\Local\Temp\surefire11176527604878219590\surefirebooter14184717736758643626.jar C:\Users\marlo\AppData\Local\Temp\surefire11176527604878219590 2021-06-03T22-03-15_829-jvmRun1 surefire5057243574456390124tmp surefire_01275045172969960502tmp"/>
    <property name="jdk.debug" value="release"/>
    <property name="surefire.test.class.path" value="c:\Users\marlo\Documents\Coding Projects\Java\bigger-numbers\target\test-classes;c:\Users\marlo\Documents\Coding Projects\Java\bigger-numbers\target\classes;C:\Users\marlo\.m2\repository\junit\junit\4.11\junit-4.11.jar;C:\Users\marlo\.m2\repository\org\hamcrest\hamcrest-core\1.3\hamcrest-core-1.3.jar;"/>
    <property name="sun.cpu.endian" value="little"/>
    <property name="user.home" value="C:\Users\marlo"/>
    <property name="user.language" value="en"/>
    <property name="java.specification.vendor" value="Oracle Corporation"/>
    <property name="java.version.date" value="2020-09-15"/>
    <property name="java.home" value="C:\Program Files\Java\jdk-15"/>
    <property name="file.separator" value="\"/>
    <property name="basedir" value="c:\Users\marlo\Documents\Coding Projects\Java\bigger-numbers"/>
    <property name="java.vm.compressedOopsMode" value="Zero based"/>
    <property name="line.separator" value="&#10;"/>
    <property name="java.vm.specification.vendor" value="Oracle Corporation"/>
    <property name="java.specification.name" value="Java Platform API Specification"/>
    <property name="surefire.real.class.path" value="C:\Users\marlo\AppData\Local\Temp\surefire11176527604878219590\surefirebooter14184717736758643626.jar"/>
    <property name="user.script" value=""/>
    <property name="sun.management.compiler" value="HotSpot 64-Bit Tiered Compilers"/>
    <property name="java.runtime.version" value="15+36-1562"/>
    <property name="user.name" value="marlo"/>
    <property name="path.separator" value=";"/>
    <property name="os.version" value="10.0"/>
    <property name="java.runtime.name" value="Java(TM) SE Runtime Environment"/>
    <property name="file.encoding" value="Cp1252"/>
    <property name="java.vm.name" value="Java HotSpot(TM) 64-Bit Server VM"/>
    <property name="localRepository" value="C:\Users\marlo\.m2\repository"/>
    <property name="java.vendor.url.bug" value="https://bugreport.java.com/bugreport/"/>
    <property name="java.io.tmpdir" value="C:\Users\marlo\AppData\Local\Temp\"/>
    <property name="java.version" value="15"/>
    <property name="user.dir" value="c:\Users\marlo\Documents\Coding Projects\Java\bigger-numbers"/>
    <property name="os.arch" value="amd64"/>
    <property name="java.vm.specification.name" value="Java Virtual Machine Specification"/>
    <property name="sun.os.patch.level" value=""/>
    <property name="java.library.path" value="C:\Program Files\Java\jdk-15\bin;C:\WINDOWS\Sun\Java\bin;C:\WINDOWS\system32;C:\WINDOWS;C:\Users\marlo\bin;C:\Users\marlo\AppData\Local\Programs\Git\mingw64\bin;C:\Users\marlo\AppData\Local\Programs\Git\usr\local\bin;C:\Users\marlo\AppData\Local\Programs\Git\usr\bin;C:\Users\marlo\AppData\Local\Programs\Git\usr\bin;C:\Users\marlo\AppData\Local\Programs\Git\cmd;C:\Program Files\Common Files\Oracle\Java\javapath;C:\Program Files (x86)\Common Files\Intel\Shared Libraries\redist\intel64\compiler;C:\Windows\system32;C:\Windows;C:\Windows\System32\Wbem;C:\Windows\System32\WindowsPowerShell\v1.0;C:\Windows\System32\OpenSSH;C:\Program Files\NVIDIA Corporation\NVIDIA NvDLISR;C:\WINDOWS\system32;C:\WINDOWS;C:\WINDOWS\System32\Wbem;C:\WINDOWS\System32\WindowsPowerShell\v1.0;C:\WINDOWS\System32\OpenSSH;C:\Program Files (x86)\NVIDIA Corporation\PhysX\Common;C:\Program Files\CMake\bin;C:\Strawberry\c\bin;C:\Strawberry\perl\site\bin;C:\Strawberry\perl\bin;C:\Program Files\Go\bin;C:\Users\marlo\AppData\Local\Programs\Python\Python39\Scripts;C:\Users\marlo\AppData\Local\Programs\Python\Python39;C:\Users\marlo\AppData\Local\Microsoft\WindowsApps;C:\Users\marlo\AppData\Local\Programs\Microsoft VS Code\bin;C:\Users\marlo\AppData\Local\Programs\Git\cmd;C:\Users\marlo\AppData\Local\Programs\MiKTeX\miktex\bin\x64;C:\Users\marlo\Documents\apache-maven-3.8.1\bin;C:\Users\marlo\go\bin;C:\Users\marlo\AppData\Local\Programs\Git\usr\bin\vendor_perl;C:\Users\marlo\AppData\Local\Programs\Git\usr\bin\core_perl;."/>
    <property name="java.vm.info" value="mixed mode, sharing"/>
    <property name="java.vendor" value="Oracle Corporation"/>
    <property name="java.vm.version" value="15+36-1562"/>
    <property name="sun.io.unicode.encoding" value="UnicodeLittle"/>
    <property name="java.class.version" value="59.0"/>
  </properties>
  <testcase name="shouldAnswerWithTrue" classname="com.numbers.AppTest" time="0.001"/>
</testsuite>